Build started 2/10/2014 12:59:35 PM.
     1>Project "C:\Users\robot\Desktop\varun_temp\VR-master\VR-master\Assignment2\Assignment2.vcxproj" on node 2 (Build target(s)).
     1>C:\Program Files (x86)\MSBuild\Microsoft.Cpp\v4.0\V120\Microsoft.CppBuild.targets(381,5): warning MSB8028: The intermediate directory (Debug\) contains files shared from another project (Assignment2.vcxproj).  This can lead to incorrect clean and rebuild behavior.
     1>InitializeBuildStatus:
         Creating "Debug\Assignment3.tlog\unsuccessfulbuild" because "AlwaysCreate" was specified.
       ClCompile:
         C:\Program Files (x86)\Microsoft Visual Studio 12.0\VC\bin\CL.exe /c /I../sixense/include /ZI /nologo /W3 /WX- /sdl /Od /Oy- /D WIN32 /D _DEBUG /D _CONSOLE /D _LIB /D _CRT_SECURE_NO_WARNINGS /D _UNICODE /D UNICODE /Gm /EHsc /RTC1 /MD /GS /fp:precise /Zc:wchar_t /Zc:forScope /Fo"Debug\\" /Fd"Debug\vc120.pdb" /Gd /TP /analyze- /errorReport:prompt main.cpp plyReader.cpp
         main.cpp
     1>c:\users\robot\desktop\varun_temp\vr-master\vr-master\assignment2\main.cpp(108): warning C4305: 'initializing' : truncation from 'double' to 'float'
     1>c:\users\robot\desktop\varun_temp\vr-master\vr-master\assignment2\main.cpp(109): warning C4305: 'initializing' : truncation from 'double' to 'float'
     1>c:\users\robot\desktop\varun_temp\vr-master\vr-master\assignment2\main.cpp(121): warning C4305: '+=' : truncation from 'double' to 'GLfloat'
     1>c:\users\robot\desktop\varun_temp\vr-master\vr-master\assignment2\main.cpp(133): warning C4305: '-=' : truncation from 'double' to 'GLfloat'
     1>c:\users\robot\desktop\varun_temp\vr-master\vr-master\assignment2\main.cpp(157): warning C4305: 'argument' : truncation from 'double' to 'float'
     1>c:\users\robot\desktop\varun_temp\vr-master\vr-master\assignment2\main.cpp(166): warning C4305: 'argument' : truncation from 'double' to 'float'
     1>c:\users\robot\desktop\varun_temp\vr-master\vr-master\assignment2\main.cpp(167): warning C4305: 'argument' : truncation from 'double' to 'float'
     1>c:\users\robot\desktop\varun_temp\vr-master\vr-master\assignment2\main.cpp(182): warning C4305: 'initializing' : truncation from 'double' to 'float'
     1>c:\users\robot\desktop\varun_temp\vr-master\vr-master\assignment2\main.cpp(187): warning C4305: 'argument' : truncation from 'double' to 'GLclampf'
     1>c:\users\robot\desktop\varun_temp\vr-master\vr-master\assignment2\main.cpp(205): warning C4244: '=' : conversion from 'int' to 'float', possible loss of data
     1>c:\users\robot\desktop\varun_temp\vr-master\vr-master\assignment2\main.cpp(207): warning C4305: '+=' : truncation from 'double' to 'float'
     1>c:\users\robot\desktop\varun_temp\vr-master\vr-master\assignment2\main.cpp(269): warning C4244: '=' : conversion from 'int' to 'float', possible loss of data
     1>c:\users\robot\desktop\varun_temp\vr-master\vr-master\assignment2\main.cpp(271): warning C4305: '+=' : truncation from 'double' to 'float'
     1>c:\users\robot\desktop\varun_temp\vr-master\vr-master\assignment2\main.cpp(304): warning C4244: '=' : conversion from 'double' to 'float', possible loss of data
     1>c:\users\robot\desktop\varun_temp\vr-master\vr-master\assignment2\main.cpp(305): warning C4244: '=' : conversion from 'double' to 'float', possible loss of data
     1>c:\users\robot\desktop\varun_temp\vr-master\vr-master\assignment2\main.cpp(339): warning C4305: 'argument' : truncation from 'double' to 'GLclampf'
     1>c:\users\robot\desktop\varun_temp\vr-master\vr-master\assignment2\main.cpp(344): warning C4244: 'initializing' : conversion from 'double' to 'float', possible loss of data
     1>c:\users\robot\desktop\varun_temp\vr-master\vr-master\assignment2\main.cpp(439): warning C4305: 'initializing' : truncation from 'double' to 'GLfloat'
     1>c:\users\robot\desktop\varun_temp\vr-master\vr-master\assignment2\main.cpp(440): warning C4305: 'initializing' : truncation from 'double' to 'GLfloat'
     1>c:\users\robot\desktop\varun_temp\vr-master\vr-master\assignment2\main.cpp(441): warning C4305: 'initializing' : truncation from 'double' to 'GLfloat'
     1>c:\users\robot\desktop\varun_temp\vr-master\vr-master\assignment2\main.cpp(480): warning C4305: '-=' : truncation from 'double' to 'float'
     1>c:\users\robot\desktop\varun_temp\vr-master\vr-master\assignment2\main.cpp(483): warning C4305: '+=' : truncation from 'double' to 'float'
     1>c:\users\robot\desktop\varun_temp\vr-master\vr-master\assignment2\main.cpp(493): warning C4305: '-=' : truncation from 'double' to 'float'
     1>c:\users\robot\desktop\varun_temp\vr-master\vr-master\assignment2\main.cpp(499): warning C4305: '+=' : truncation from 'double' to 'float'
     1>c:\users\robot\desktop\varun_temp\vr-master\vr-master\assignment2\main.cpp(505): warning C4305: '+=' : truncation from 'double' to 'float'
     1>c:\users\robot\desktop\varun_temp\vr-master\vr-master\assignment2\main.cpp(511): warning C4305: '-=' : truncation from 'double' to 'float'
     1>c:\users\robot\desktop\varun_temp\vr-master\vr-master\assignment2\main.cpp(517): warning C4305: '+=' : truncation from 'double' to 'float'
     1>c:\users\robot\desktop\varun_temp\vr-master\vr-master\assignment2\main.cpp(524): warning C4305: '-=' : truncation from 'double' to 'float'
     1>c:\users\robot\desktop\varun_temp\vr-master\vr-master\assignment2\main.cpp(532): warning C4305: '-=' : truncation from 'double' to 'float'
     1>c:\users\robot\desktop\varun_temp\vr-master\vr-master\assignment2\main.cpp(540): warning C4305: '+=' : truncation from 'double' to 'float'
     1>c:\users\robot\desktop\varun_temp\vr-master\vr-master\assignment2\main.cpp(556): warning C4305: '+=' : truncation from 'double' to 'float'
         Generating Code...
         Skipping... (no relevant changes detected)
         plyReader.cpp
       Link:
         C:\Program Files (x86)\Microsoft Visual Studio 12.0\VC\bin\link.exe /ERRORREPORT:PROMPT /OUT:"C:\Users\robot\Desktop\varun_temp\VR-master\VR-master\Debug\Assignment3.exe" /INCREMENTAL /NOLOGO freeglut.lib OpenGL32.lib sixensed.lib sixense_utilsd.lib kernel32.lib user32.lib gdi32.lib winspool.lib comdlg32.lib advapi32.lib shell32.lib ole32.lib oleaut32.lib uuid.lib odbc32.lib odbccp32.lib /MANIFEST /MANIFESTUAC:"level='asInvoker' uiAccess='false'" /manifest:embed /DEBUG /PDB:"C:\Users\robot\Desktop\varun_temp\VR-master\VR-master\Debug\Assignment3.pdb" /SUBSYSTEM:CONSOLE /TLBID:1 /DYNAMICBASE /NXCOMPAT /IMPLIB:"C:\Users\robot\Desktop\varun_temp\VR-master\VR-master\Debug\Assignment3.lib" /MACHINE:X86 Debug\main.obj
         Debug\plyReader.obj
         Assignment2.vcxproj -> C:\Users\robot\Desktop\varun_temp\VR-master\VR-master\Debug\Assignment3.exe
       FinalizeBuildStatus:
         Deleting file "Debug\Assignment3.tlog\unsuccessfulbuild".
         Touching "Debug\Assignment3.tlog\Assignment3.lastbuildstate".
     1>Done Building Project "C:\Users\robot\Desktop\varun_temp\VR-master\VR-master\Assignment2\Assignment2.vcxproj" (Build target(s)).

Build succeeded.

Time Elapsed 00:00:01.51
